<?xml version="1.0" encoding="UTF-8"?>
<!-- Generated by org.testng.reporters.JUnitXMLReporter -->
<testsuite hostname="systems-MacBook-Pro-3.local" failures="0" tests="3" name="Amazon site testcases" time="120.095" errors="0" timestamp="2 Jun 2019 20:39:47 GMT">
  <testcase classname="com.amazon.qa.testcases.HomePageTest" name="loginTest" time="35.344"/>
  <testcase classname="com.amazon.qa.testcases.HomePageTest" name="logOutTest" time="35.255"/>
  <testcase classname="com.amazon.qa.testcases.ShoppingCartPageTest" name="shoppingCartTest" time="35.435"/>
</testsuite> <!-- Amazon site testcases -->
