<?xml version="1.0" encoding="UTF-8"?>
<!-- Generated by org.testng.reporters.JUnitXMLReporter -->
<testsuite hostname="systems-MacBook-Pro-3.local" failures="0" tests="3" name="Command line test" time="123.991" errors="0" timestamp="2 Jun 2019 19:58:37 GMT">
  <testcase classname="com.amazon.qa.testcases.ShoppingCartPageTest" name="shoppingCartTest" time="40.633"/>
  <testcase classname="com.amazon.qa.testcases.HomePageTest" name="loginTest" time="35.252"/>
  <testcase classname="com.amazon.qa.testcases.HomePageTest" name="logOutTest" time="35.265"/>
</testsuite> <!-- Command line test -->
