<?xml version="1.0" encoding="UTF-8"?>
<!-- Generated by org.testng.reporters.JUnitXMLReporter -->
<testsuite hostname="systems-MacBook-Pro-3.local" failures="0" tests="3" name="Command line test" time="116.417" errors="0" timestamp="2 Jun 2019 20:35:17 GMT">
  <testcase classname="com.amazon.qa.testcases.ShoppingCartPageTest" name="shoppingCartTest" time="33.909"/>
  <testcase classname="com.amazon.qa.testcases.HomePageTest" name="loginTest" time="34.106"/>
  <testcase classname="com.amazon.qa.testcases.HomePageTest" name="logOutTest" time="35.771"/>
</testsuite> <!-- Command line test -->
