<?xml version="1.0" encoding="UTF-8"?>
<testng-results total="3" passed="3" failed="0" skipped="0">
  <reporter-output>
  </reporter-output>
  <suite started-at="2019-06-02T20:33:21Z" name="Command line suite" finished-at="2019-06-02T20:35:17Z" duration-ms="116417">
    <groups>
    </groups>
    <test started-at="2019-06-02T20:33:21Z" name="Command line test" finished-at="2019-06-02T20:35:17Z" duration-ms="116417">
      <class name="com.amazon.qa.testcases.ShoppingCartPageTest">
        <test-method is-config="true" signature="setup()[pri:0, instance:com.amazon.qa.testcases.ShoppingCartPageTest@45018215]" started-at="2019-06-03T02:03:21Z" name="setup" finished-at="2019-06-03T02:03:25Z" duration-ms="4047" status="PASS">
          <reporter-output>
          </reporter-output>
        </test-method> <!-- setup -->
        <test-method signature="shoppingCartTest(java.lang.String)[pri:0, instance:com.amazon.qa.testcases.ShoppingCartPageTest@45018215]" started-at="2019-06-03T02:03:25Z" name="shoppingCartTest" data-provider="getProductToSearch" finished-at="2019-06-03T02:03:59Z" duration-ms="33909" status="PASS">
          <params>
            <param index="0">
              <value>
                <![CDATA[MacBook Pro]]>
              </value>
            </param>
          </params>
          <reporter-output>
          </reporter-output>
        </test-method> <!-- shoppingCartTest -->
        <test-method is-config="true" signature="tearDown()[pri:0, instance:com.amazon.qa.testcases.ShoppingCartPageTest@45018215]" started-at="2019-06-03T02:03:59Z" name="tearDown" finished-at="2019-06-03T02:04:00Z" duration-ms="547" status="PASS">
          <reporter-output>
          </reporter-output>
        </test-method> <!-- tearDown -->
      </class> <!-- com.amazon.qa.testcases.ShoppingCartPageTest -->
      <class name="com.amazon.qa.testcases.HomePageTest">
        <test-method is-config="true" signature="setup()[pri:0, instance:com.amazon.qa.testcases.HomePageTest@56a6d5a6]" started-at="2019-06-03T02:04:00Z" name="setup" finished-at="2019-06-03T02:04:03Z" duration-ms="3013" status="PASS">
          <reporter-output>
          </reporter-output>
        </test-method> <!-- setup -->
        <test-method signature="loginTest()[pri:0, instance:com.amazon.qa.testcases.HomePageTest@56a6d5a6]" started-at="2019-06-03T02:04:03Z" name="loginTest" finished-at="2019-06-03T02:04:37Z" duration-ms="34106" status="PASS">
          <reporter-output>
          </reporter-output>
        </test-method> <!-- loginTest -->
        <test-method is-config="true" signature="tearDown()[pri:0, instance:com.amazon.qa.testcases.HomePageTest@56a6d5a6]" started-at="2019-06-03T02:04:37Z" name="tearDown" finished-at="2019-06-03T02:04:37Z" duration-ms="135" status="PASS">
          <reporter-output>
          </reporter-output>
        </test-method> <!-- tearDown -->
        <test-method is-config="true" signature="setup()[pri:0, instance:com.amazon.qa.testcases.HomePageTest@56a6d5a6]" started-at="2019-06-03T02:04:37Z" name="setup" finished-at="2019-06-03T02:04:41Z" duration-ms="4205" status="PASS">
          <reporter-output>
          </reporter-output>
        </test-method> <!-- setup -->
        <test-method signature="logOutTest()[pri:0, instance:com.amazon.qa.testcases.HomePageTest@56a6d5a6]" started-at="2019-06-03T02:04:41Z" name="logOutTest" finished-at="2019-06-03T02:05:17Z" duration-ms="35771" status="PASS">
          <reporter-output>
          </reporter-output>
        </test-method> <!-- logOutTest -->
        <test-method is-config="true" signature="tearDown()[pri:0, instance:com.amazon.qa.testcases.HomePageTest@56a6d5a6]" started-at="2019-06-03T02:05:17Z" name="tearDown" finished-at="2019-06-03T02:05:17Z" duration-ms="143" status="PASS">
          <reporter-output>
          </reporter-output>
        </test-method> <!-- tearDown -->
      </class> <!-- com.amazon.qa.testcases.HomePageTest -->
    </test> <!-- Command line test -->
  </suite> <!-- Command line suite -->
</testng-results>
