<?xml version="1.0" encoding="UTF-8"?>
<testng-results total="3" passed="3" failed="0" skipped="0">
  <reporter-output>
  </reporter-output>
  <suite started-at="2019-06-02T19:56:33Z" name="Command line suite" finished-at="2019-06-02T19:58:37Z" duration-ms="123991">
    <groups>
    </groups>
    <test started-at="2019-06-02T19:56:33Z" name="Command line test" finished-at="2019-06-02T19:58:37Z" duration-ms="123991">
      <class name="com.amazon.qa.testcases.ShoppingCartPageTest">
        <test-method is-config="true" signature="setup()[pri:0, instance:com.amazon.qa.testcases.ShoppingCartPageTest@45018215]" started-at="2019-06-03T01:26:33Z" name="setup" finished-at="2019-06-03T01:26:38Z" duration-ms="4752" status="PASS">
          <reporter-output>
          </reporter-output>
        </test-method> <!-- setup -->
        <test-method signature="shoppingCartTest(java.lang.String)[pri:0, instance:com.amazon.qa.testcases.ShoppingCartPageTest@45018215]" started-at="2019-06-03T01:26:38Z" name="shoppingCartTest" data-provider="getProductToSearch" finished-at="2019-06-03T01:27:19Z" duration-ms="40633" status="PASS">
          <params>
            <param index="0">
              <value>
                <![CDATA[MacBook Pro]]>
              </value>
            </param>
          </params>
          <reporter-output>
          </reporter-output>
        </test-method> <!-- shoppingCartTest -->
        <test-method is-config="true" signature="tearDown()[pri:0, instance:com.amazon.qa.testcases.ShoppingCartPageTest@45018215]" started-at="2019-06-03T01:27:19Z" name="tearDown" finished-at="2019-06-03T01:27:19Z" duration-ms="286" status="PASS">
          <reporter-output>
          </reporter-output>
        </test-method> <!-- tearDown -->
      </class> <!-- com.amazon.qa.testcases.ShoppingCartPageTest -->
      <class name="com.amazon.qa.testcases.HomePageTest">
        <test-method is-config="true" signature="setup()[pri:0, instance:com.amazon.qa.testcases.HomePageTest@56a6d5a6]" started-at="2019-06-03T01:27:19Z" name="setup" finished-at="2019-06-03T01:27:22Z" duration-ms="2804" status="PASS">
          <reporter-output>
          </reporter-output>
        </test-method> <!-- setup -->
        <test-method signature="loginTest()[pri:0, instance:com.amazon.qa.testcases.HomePageTest@56a6d5a6]" started-at="2019-06-03T01:27:22Z" name="loginTest" finished-at="2019-06-03T01:27:57Z" duration-ms="35252" status="PASS">
          <reporter-output>
          </reporter-output>
        </test-method> <!-- loginTest -->
        <test-method is-config="true" signature="tearDown()[pri:0, instance:com.amazon.qa.testcases.HomePageTest@56a6d5a6]" started-at="2019-06-03T01:27:57Z" name="tearDown" finished-at="2019-06-03T01:27:57Z" duration-ms="135" status="PASS">
          <reporter-output>
          </reporter-output>
        </test-method> <!-- tearDown -->
        <test-method is-config="true" signature="setup()[pri:0, instance:com.amazon.qa.testcases.HomePageTest@56a6d5a6]" started-at="2019-06-03T01:27:57Z" name="setup" finished-at="2019-06-03T01:28:02Z" duration-ms="4154" status="PASS">
          <reporter-output>
          </reporter-output>
        </test-method> <!-- setup -->
        <test-method signature="logOutTest()[pri:0, instance:com.amazon.qa.testcases.HomePageTest@56a6d5a6]" started-at="2019-06-03T01:28:02Z" name="logOutTest" finished-at="2019-06-03T01:28:37Z" duration-ms="35265" status="PASS">
          <reporter-output>
          </reporter-output>
        </test-method> <!-- logOutTest -->
        <test-method is-config="true" signature="tearDown()[pri:0, instance:com.amazon.qa.testcases.HomePageTest@56a6d5a6]" started-at="2019-06-03T01:28:37Z" name="tearDown" finished-at="2019-06-03T01:28:37Z" duration-ms="153" status="PASS">
          <reporter-output>
          </reporter-output>
        </test-method> <!-- tearDown -->
      </class> <!-- com.amazon.qa.testcases.HomePageTest -->
    </test> <!-- Command line test -->
  </suite> <!-- Command line suite -->
</testng-results>
