<?xml version="1.0" encoding="UTF-8"?>
<testng-results total="3" passed="3" failed="0" skipped="0">
  <reporter-output>
  </reporter-output>
  <suite started-at="2019-06-02T20:37:46Z" name="Sample Test Automation" finished-at="2019-06-02T20:39:46Z" duration-ms="120095">
    <groups>
    </groups>
    <test started-at="2019-06-02T20:37:46Z" name="Amazon site testcases" finished-at="2019-06-02T20:39:46Z" duration-ms="120095">
      <class name="com.amazon.qa.testcases.ShoppingCartPageTest">
        <test-method is-config="true" signature="setup()[pri:0, instance:com.amazon.qa.testcases.ShoppingCartPageTest@bccb269]" started-at="2019-06-03T02:09:07Z" name="setup" finished-at="2019-06-03T02:09:11Z" duration-ms="3971" status="PASS">
          <reporter-output>
          </reporter-output>
        </test-method> <!-- setup -->
        <test-method signature="shoppingCartTest(java.lang.String)[pri:0, instance:com.amazon.qa.testcases.ShoppingCartPageTest@bccb269]" started-at="2019-06-03T02:09:11Z" name="shoppingCartTest" data-provider="getProductToSearch" finished-at="2019-06-03T02:09:46Z" duration-ms="35435" status="PASS">
          <params>
            <param index="0">
              <value>
                <![CDATA[MacBook Pro]]>
              </value>
            </param>
          </params>
          <reporter-output>
          </reporter-output>
        </test-method> <!-- shoppingCartTest -->
        <test-method is-config="true" signature="tearDown()[pri:0, instance:com.amazon.qa.testcases.ShoppingCartPageTest@bccb269]" started-at="2019-06-03T02:09:46Z" name="tearDown" finished-at="2019-06-03T02:09:46Z" duration-ms="278" status="PASS">
          <reporter-output>
          </reporter-output>
        </test-method> <!-- tearDown -->
      </class> <!-- com.amazon.qa.testcases.ShoppingCartPageTest -->
      <class name="com.amazon.qa.testcases.HomePageTest">
        <test-method is-config="true" signature="setup()[pri:0, instance:com.amazon.qa.testcases.HomePageTest@2df3b89c]" started-at="2019-06-03T02:07:46Z" name="setup" finished-at="2019-06-03T02:07:51Z" duration-ms="4736" status="PASS">
          <reporter-output>
          </reporter-output>
        </test-method> <!-- setup -->
        <test-method signature="loginTest()[pri:0, instance:com.amazon.qa.testcases.HomePageTest@2df3b89c]" started-at="2019-06-03T02:07:51Z" name="loginTest" finished-at="2019-06-03T02:08:26Z" duration-ms="35344" status="PASS">
          <reporter-output>
          </reporter-output>
        </test-method> <!-- loginTest -->
        <test-method is-config="true" signature="tearDown()[pri:0, instance:com.amazon.qa.testcases.HomePageTest@2df3b89c]" started-at="2019-06-03T02:08:26Z" name="tearDown" finished-at="2019-06-03T02:08:27Z" duration-ms="148" status="PASS">
          <reporter-output>
          </reporter-output>
        </test-method> <!-- tearDown -->
        <test-method is-config="true" signature="setup()[pri:0, instance:com.amazon.qa.testcases.HomePageTest@2df3b89c]" started-at="2019-06-03T02:08:27Z" name="setup" finished-at="2019-06-03T02:08:31Z" duration-ms="4267" status="PASS">
          <reporter-output>
          </reporter-output>
        </test-method> <!-- setup -->
        <test-method signature="logOutTest()[pri:0, instance:com.amazon.qa.testcases.HomePageTest@2df3b89c]" started-at="2019-06-03T02:08:31Z" name="logOutTest" finished-at="2019-06-03T02:09:06Z" duration-ms="35255" status="PASS">
          <reporter-output>
          </reporter-output>
        </test-method> <!-- logOutTest -->
        <test-method is-config="true" signature="tearDown()[pri:0, instance:com.amazon.qa.testcases.HomePageTest@2df3b89c]" started-at="2019-06-03T02:09:06Z" name="tearDown" finished-at="2019-06-03T02:09:06Z" duration-ms="141" status="PASS">
          <reporter-output>
          </reporter-output>
        </test-method> <!-- tearDown -->
      </class> <!-- com.amazon.qa.testcases.HomePageTest -->
    </test> <!-- Amazon site testcases -->
  </suite> <!-- Sample Test Automation -->
</testng-results>
